Processing server...
Preprocessing ai_pattern.fos...
	Found new header: '_macros.fos'
	Found new header: '_defines.fos'
	Found new header: '_math.fos'
	Found new header: '_vars.fos'
	Found new header: '_maps.fos'
	Found new header: '_dialogs.fos'
	Found new header: '_itempid.fos'
	Found new header: '_animation.fos'
	Found new header: '_time.fos'
Preprocessing arroyo_mynoc_defence.fos...
Preprocessing arroyo_npc.fos...
Preprocessing arroyo_rayders.fos...
	Found new header: '_teams.fos'
Preprocessing base.fos...
	Found new header: 'entire.fos'
	Found new header: 'pids_groups.fos'
Preprocessing behemoth.fos...
	Found new header: '_msgstr.fos'
Preprocessing books.fos...
Preprocessing broken_common.fos...
Preprocessing bulletin_board.fos...
	Found new header: 'serializator.fos'
Preprocessing car.fos...
Preprocessing caravan.fos...
	Found new header: '_npc_pids.fos'
	Found new header: 'caravan_h.fos'
	Found new header: 'caravan_guards.fos'
	Found new header: '_ai.fos'
	Found new header: '_bags.fos'
	Found new header: 'caravan_reset.fos'
	Found new header: 'caravans_init.fos'
Preprocessing casino.fos...
	Found new header: '_colors.fos'
Preprocessing cave_mobs.fos...
Preprocessing collector.fos...
Preprocessing combat.fos...
	Found new header: 'critical_table.fos'
	Found new header: 'combat_msg.fos'
	Found new header: 'npc_ai.fos'
	Found new header: 'combat_h.fos'
Preprocessing comp_riddle.fos...
Preprocessing config.fos...
Preprocessing critter_item_movement.fos...
Preprocessing debug.fos...
Preprocessing den_barbekky_boy.fos...
Preprocessing den_cooldude.fos...
Preprocessing den_ghost.fos...
Preprocessing den_hub_bank.fos...
Preprocessing den_hub_guard.fos...
Preprocessing den_kliff.fos...
Preprocessing den_lara.fos...
Preprocessing den_poorman.fos...
Preprocessing den_triggers.fos...
Preprocessing den_virgin.fos...
Preprocessing dialog.fos...
	Found new header: 'stdlib_h.fos'
Preprocessing drugs.fos...
Preprocessing effects.fos...
Preprocessing electronic_lock.fos...
Preprocessing elevator.fos...
Preprocessing eli.fos...
Preprocessing enc_ocean_trader.fos...
Preprocessing encounter_items.fos...
	Found new header: 'encounter_items_table.fos'
	Found new header: 'utils_for_array.fos'
Preprocessing encounter_npc.fos...
Preprocessing energy_barier.fos...
Preprocessing entire.fos...
Preprocessing explode.fos...
Preprocessing fighter_pattern.fos...
Preprocessing fighter_quest.fos...
Preprocessing fix_boy.fos...
Preprocessing game_event.fos...
	Found new header: 'game_events_init.fos'
Preprocessing game_event_caches.fos...
Preprocessing game_event_racing.fos...
Preprocessing game_event_replicator.fos...
Preprocessing game_event_storehouse.fos...
Preprocessing geiger.fos...
Preprocessing globalmap_group.fos...
Preprocessing golden_globes.fos...
Preprocessing grave.fos...
Preprocessing heavy_guarded_map.fos...
	Found new header: 'fighter_pattern.fos'
Preprocessing hell_mine_mining.fos...
Preprocessing hell_out.fos...
	Found new header: 'guard_lib.fos'
	Found new header: 'guard_lib_events.fos'
Preprocessing hostile_location_quest.fos...
Preprocessing item.fos...
Preprocessing jukebox.fos...
Preprocessing klam_cowboy.fos...
	Found new header: 'map_klamath_h.fos'
Preprocessing klam_danton_brahmin.fos...
Preprocessing klam_danton_killing.fos...
Preprocessing klam_jura.fos...
Preprocessing klam_smily.fos...
Preprocessing klam_trappers.fos...
Preprocessing limited_barter.fos...
Preprocessing linetracer.fos...
	Found new header: 'linetracer_h.fos'
Preprocessing location.fos...
Preprocessing lockers.fos...
Preprocessing magic_ball.fos...
Preprocessing main.fos...
	Found new header: 'teams_table.fos'
Preprocessing main_planes.fos...
Preprocessing map_arroyo_bridge.fos...
Preprocessing map_arroyo_rayders_camp.fos...
Preprocessing map_atoll.fos...
Preprocessing map_barter_ground.fos...
Preprocessing map_coast.fos...
Preprocessing map_denbus.fos...
Preprocessing map_geck_city.fos...
Preprocessing map_klamath.fos...
Preprocessing map_mariposa.fos...
Preprocessing map_modoc.fos...
Preprocessing map_ncr_bazaar.fos...
	Found new header: 'time.fos'
Preprocessing map_ncr_downtown.fos...
Preprocessing map_primal_tribe.fos...
Preprocessing map_radiation.fos...
Preprocessing map_redding_inner.fos...
	Found new header: 'patrol_h.fos'
Preprocessing map_redding_miners.fos...
Preprocessing map_redding_outer.fos...
Preprocessing map_redding_wan2.fos...
Preprocessing map_sf_hubb.fos...
Preprocessing map_sf_tanker.fos...
	Found new header: 'mob.fos'
Preprocessing map_v15_village.fos...
Preprocessing media.fos...
Preprocessing merc.fos...
	Found new header: 'merc_h.fos'
	Found new header: 'merc_dialog.fos'
Preprocessing mob.fos...
Preprocessing mob_wave.fos...
Preprocessing monologue.fos...
Preprocessing navarro.fos...
Preprocessing ncr_common.fos...
Preprocessing ncr_duppo.fos...
Preprocessing ncr_dusty.fos...
Preprocessing ncr_invasion.fos...
	Found new header: 'encounter_npc.fos'
Preprocessing ncr_karlson_son.fos...
Preprocessing ncr_kess.fos...
Preprocessing ncr_michael.fos...
Preprocessing ncr_policeman.fos...
Preprocessing ncr_postman.fos...
Preprocessing ncr_ratch.fos...
Preprocessing ncr_shaiman.fos...
Preprocessing ncr_siege.fos...
Preprocessing ncr_smit.fos...
Preprocessing ncr_westin.fos...
Preprocessing nopvp_maps.fos...
Preprocessing npc_dialog.fos...
Preprocessing npc_planes.fos...
Preprocessing npc_revenge.fos...
Preprocessing nr_kitty.fos...
Preprocessing nr_salvatore.fos...
Preprocessing nr_t-ray.fos...
Preprocessing nukemachine.fos...
Preprocessing parameters.fos...
Preprocessing pattern_medic.fos...
	Found new header: 'pattern_common.fos'
Preprocessing pattern_slayer.fos...
Preprocessing pattern_sniper.fos...
Preprocessing pattern_term.fos...
Preprocessing perks.fos...
Preprocessing pet.fos...
Preprocessing poison.fos...
Preprocessing poker.fos...
	Found new header: 'poker_h.fos'
	Found new header: 'poker_game_list_h.fos'
Preprocessing poster.fos...
Preprocessing purgatory.fos...
	Found new header: 'battle_info.fos'
Preprocessing q_dappo_lost_c_robot.fos...
Preprocessing q_hub_lab.fos...
Preprocessing q_hunter.fos...
Preprocessing q_item_v13_collar.fos...
	Found new header: 'v13_q_dclaw_lib.fos'
Preprocessing q_item_v13_egg.fos...
Preprocessing q_main_intro.fos...
Preprocessing q_modoc_vampire.fos...
Preprocessing q_ncr_alex_holo.fos...
Preprocessing q_npc_v13_dclaw.fos...
	Found new header: 'merc.fos'
Preprocessing q_nr_wri_kidnap.fos...
Preprocessing q_silo.fos...
Preprocessing q_slavers_hunt.fos...
Preprocessing q_spy_mission.fos...
Preprocessing quest_warehouse.fos...
	Found new header: 'quest_warehouse_h.fos'
Preprocessing radiation.fos...
Preprocessing radio.fos...
Preprocessing rat_grenade.fos...
Preprocessing redd_gates.fos...
Preprocessing redd_mines.fos...
Preprocessing redd_q_wanamingo.fos...
Preprocessing redding_common.fos...
Preprocessing repair.fos...
Preprocessing repairer.fos...
Preprocessing replication.fos...
Preprocessing replication_bank.fos...
Preprocessing replication_hell.fos...
Preprocessing replication_terminal.fos...
Preprocessing replication_trader.fos...
Preprocessing resources.fos...
Preprocessing respawn_item.fos...
Preprocessing roulette.fos...
	Found new header: 'roulette_game_list_h.fos'
	Found new header: 'roulette_h.fos'
Preprocessing sandbag.fos...
Preprocessing scenery.fos...
Preprocessing se_android.fos...
Preprocessing se_doughnut.fos...
Preprocessing se_forvr_v13.fos...
Preprocessing se_kotw.fos...
Preprocessing se_mad_brahmins.fos...
Preprocessing se_talking_head.fos...
Preprocessing se_teleport.fos...
Preprocessing se_woodsman.fos...
Preprocessing se_zerg.fos...
Preprocessing sf_common.fos...
	Found new header: 'location.fos'
Preprocessing sf_invasion.fos...
	Found new header: 'mirelurk_combat.fos'
Preprocessing signal_rocket.fos...
Preprocessing smoke_grenade.fos...
Preprocessing squad_march.fos...
Preprocessing stdlib.fos...
Preprocessing test.fos...
	Found new header: 'npc_planes.fos'
Preprocessing time.fos...
Preprocessing town_supply.fos...
Preprocessing trader.fos...
	Found new header: 'trader_table.fos'
Preprocessing trap.fos...
Preprocessing traveller.fos...
Preprocessing trigger.fos...
Preprocessing v13_0_guard.fos...
	Found new header: 'v13_0_guard_h.fos'
	Found new header: 'v13_guard_lib.fos'
Preprocessing v13_0_soldier.fos...
Preprocessing v13_0_turret.fos...
Preprocessing v13_goris.fos...
Preprocessing vc_guardsman.fos...
	Found new header: 'squad_march.fos'
Preprocessing vc_lynnet.fos...
Preprocessing vcity_common.fos...
Preprocessing vcity_gate_guard.fos...
Preprocessing vcity_guard.fos...
Preprocessing vcity_vault_guard.fos...
Preprocessing wanted.fos...
Preprocessing warehouse_turret.fos...
Preprocessing worldmap.fos...
	Found new header: 'worldmap_init.fos'
Processing server complete.
Processing client...
Preprocessing animation.fos...
	Found new header: '_defines.fos'
	Found new header: '_animation.fos'
Preprocessing chosen_tabs.fos...
	Found new header: '_macros.fos'
	Found new header: '_math.fos'
	Found new header: '_vars.fos'
	Found new header: '_maps.fos'
	Found new header: '_dialogs.fos'
	Found new header: '_itempid.fos'
	Found new header: '_time.fos'
	Found new header: '_client_defines.fos'
	Found new header: '_colors.fos'
	Found new header: '_msgstr.fos'
	Found new header: 'sprite.fos'
Preprocessing client_3d_cha_reg.fos...
Preprocessing client_gui.fos...
	Found new header: 'client_gui_h.fos'
Preprocessing client_main.fos...
Preprocessing client_screen_test.fos...
Preprocessing config.fos...
Preprocessing critter_item_movement.fos...
Preprocessing ignore_list.fos...
Preprocessing ini_parser.fos...
Preprocessing name_colorizing.fos...
Preprocessing parameters.fos...
Preprocessing perks.fos...
Preprocessing radio.fos...
Preprocessing time.fos...
Processing client complete.
Processing mapper...
Preprocessing animation.fos...
	Found new header: '_defines.fos'
	Found new header: '_animation.fos'
Preprocessing config.fos...
Preprocessing mapper_main.fos...
	Found new header: '_mapper_defines.fos'
	Found new header: '_itempid.fos'
Processing mapper complete.
