Starting Mapper (v.1.28.4)...
Mapper initialization...
Sprite manager initialization...
Sprite manager initialization complete.
Init interface.
Init interface complete.
Script system initialization...
Reload scripts...
Script message: mapper_main : Info : Compiling void InitializeTabs() : 16, 1.
Script message: mapper_main : Error : 'PID_PUMP_PARTS' is not declared : 298, 18.
Script message: mapper_main : Error : 'PID_V15_COMPUTER_PART' is not declared : 409, 18.
Script::LoadScript - Unable to Build module<mapper_main>, result<-1>.
Load module fail, name<mapper_main>.
Reload scripts fail.
Bind reserved functions...
Script::Bind - Function<void start()> in module<mapper_main> not found.
Bind reserved function fail, name<start>.
Script::Bind - Function<uint loop()> in module<mapper_main> not found.
Bind reserved function fail, name<loop>.
Script::Bind - Function<bool console_message(string&)> in module<mapper_main> not found.
Bind reserved function fail, name<console_message>.
Script::Bind - Function<void render_iface(uint)> in module<mapper_main> not found.
Bind reserved function fail, name<render_iface>.
Script::Bind - Function<void render_map()> in module<mapper_main> not found.
Bind reserved function fail, name<render_map>.
Script::Bind - Function<bool mouse_down(int)> in module<mapper_main> not found.
Bind reserved function fail, name<mouse_down>.
Script::Bind - Function<bool mouse_up(int)> in module<mapper_main> not found.
Bind reserved function fail, name<mouse_up>.
Script::Bind - Function<void mouse_move(int,int)> in module<mapper_main> not found.
Bind reserved function fail, name<mouse_move>.
Script::Bind - Function<bool key_down(uint8)> in module<mapper_main> not found.
Bind reserved function fail, name<key_down>.
Script::Bind - Function<bool key_up(uint8)> in module<mapper_main> not found.
Bind reserved function fail, name<key_up>.
Script::Bind - Function<void input_lost()> in module<mapper_main> not found.
Bind reserved function fail, name<input_lost>.
Bind reserved functions fail.
Script system initialization complete.
Loaded<325> critter types.
Item manager initialization...
Item manager initialization complete.
Loading items prototypes...
Items prototypes successfully loaded, count<4615>.
Critter manager initialization...
Critter manager initialization complete.
Loading critters prototypes...
Loaded<485> critter protos, errors<0>.
Hex field initialization...
Hex field initialization complete.
Mapper initialization complete.
Create map from prototype.
Create map from prototype complete.
Script::PrepareContext - Invalid bind id<0>. Context info<Game>.
Script::PrepareContext - Invalid bind id<0>. Context info<Game>.
Script::PrepareContext - Invalid bind id<0>. Context info<Game>.
Script::PrepareContext - Invalid bind id<0>. Context info<Game>.
Script::PrepareContext - Invalid bind id<0>. Context info<Game>.
Script::PrepareContext - Invalid bind id<0>. Context info<Game>.
Script::PrepareContext - Invalid bind id<0>. Context info<Game>.
Script::PrepareContext - Invalid bind id<0>. Context info<Game>.
Script::PrepareContext - Invalid bind id<0>. Context info<Game>.
Script::PrepareContext - Invalid bind id<0>. Context info<Game>.
Script::PrepareContext - Invalid bind id<0>. Context info<Game>.
Script::PrepareContext - Invalid bind id<0>. Context info<Game>.
Script::PrepareContext - Invalid bind id<0>. Context info<Game>.
Script::PrepareContext - Invalid bind id<0>. Context info<Game>.
Script::PrepareContext - Invalid bind id<0>. Context info<Game>.
Script::PrepareContext - Invalid bind id<0>. Context info<Game>.
Script::PrepareContext - Invalid bind id<0>. Context info<Game>.
Script::PrepareContext - Invalid bind id<0>. Context info<Game>.
Script::PrepareContext - Invalid bind id<0>. Context info<Game>.
Script::PrepareContext - Invalid bind id<0>. Context info<Game>.
Script::PrepareContext - Invalid bind id<0>. Context info<Game>.
Script::PrepareContext - Invalid bind id<0>. Context info<Game>.
Script::PrepareContext - Invalid bind id<0>. Context info<Game>.
Script::PrepareContext - Invalid bind id<0>. Context info<Game>.
Script::PrepareContext - Invalid bind id<0>. Context info<Game>.
Script::PrepareContext - Invalid bind id<0>. Context info<Game>.
Script::PrepareContext - Invalid bind id<0>. Context info<Game>.
Script::PrepareContext - Invalid bind id<0>. Context info<Game>.
Script::PrepareContext - Invalid bind id<0>. Context info<Game>.
Script::PrepareContext - Invalid bind id<0>. Context info<Game>.
Script::PrepareContext - Invalid bind id<0>. Context info<Game>.
Script::PrepareContext - Invalid bind id<0>. Context info<Game>.
Script::PrepareContext - Invalid bind id<0>. Context info<Game>.
Script::PrepareContext - Invalid bind id<0>. Context info<Game>.
Script::PrepareContext - Invalid bind id<0>. Context info<Game>.
Script::PrepareContext - Invalid bind id<0>. Context info<Game>.
Script::PrepareContext - Invalid bind id<0>. Context info<Game>.
Script::PrepareContext - Invalid bind id<0>. Context info<Game>.
Script::PrepareContext - Invalid bind id<0>. Context info<Game>.
Script::PrepareContext - Invalid bind id<0>. Context info<Game>.
Script::PrepareContext - Invalid bind id<0>. Context info<Game>.
Script::PrepareContext - Invalid bind id<0>. Context info<Game>.
Script::PrepareContext - Invalid bind id<0>. Context info<Game>.
Script::PrepareContext - Invalid bind id<0>. Context info<Game>.
Script::PrepareContext - Invalid bind id<0>. Context info<Game>.
Script::PrepareContext - Invalid bind id<0>. Context info<Game>.
Script::PrepareContext - Invalid bind id<0>. Context info<Game>.
Script::PrepareContext - Invalid bind id<0>. Context info<Game>.
Script::PrepareContext - Invalid bind id<0>. Context info<Game>.
Script::PrepareContext - Invalid bind id<0>. Context info<Game>.
Script::PrepareContext - Invalid bind id<0>. Context info<Game>.
Script::PrepareContext - Invalid bind id<0>. Context info<Game>.
Script::PrepareContext - Invalid bind id<0>. Context info<Game>.
Script::PrepareContext - Invalid bind id<0>. Context info<Game>.
Script::PrepareContext - Invalid bind id<0>. Context info<Game>.
Script::PrepareContext - Invalid bind id<0>. Context info<Game>.
Script::PrepareContext - Invalid bind id<0>. Context info<Game>.
Script::PrepareContext - Invalid bind id<0>. Context info<Game>.
Script::PrepareContext - Invalid bind id<0>. Context info<Game>.
Script::PrepareContext - Invalid bind id<0>. Context info<Game>.
Script::PrepareContext - Invalid bind id<0>. Context info<Game>.
Script::PrepareContext - Invalid bind id<0>. Context info<Game>.
Script::PrepareContext - Invalid bind id<0>. Context info<Game>.
Script::PrepareContext - Invalid bind id<0>. Context info<Game>.
Script::PrepareContext - Invalid bind id<0>. Context info<Game>.
Script::PrepareContext - Invalid bind id<0>. Context info<Game>.
Script::PrepareContext - Invalid bind id<0>. Context info<Game>.
Script::PrepareContext - Invalid bind id<0>. Context info<Game>.
Script::PrepareContext - Invalid bind id<0>. Context info<Game>.
Script::PrepareContext - Invalid bind id<0>. Context info<Game>.
Script::PrepareContext - Invalid bind id<0>. Context info<Game>.
Script::PrepareContext - Invalid bind id<0>. Context info<Game>.
Script::PrepareContext - Invalid bind id<0>. Context info<Game>.
Script::PrepareContext - Invalid bind id<0>. Context info<Game>.
Script::PrepareContext - Invalid bind id<0>. Context info<Game>.
Script::PrepareContext - Invalid bind id<0>. Context info<Game>.
Script::PrepareContext - Invalid bind id<0>. Context info<Game>.
Script::PrepareContext - Invalid bind id<0>. Context info<Game>.
Script::PrepareContext - Invalid bind id<0>. Context info<Game>.
Script::PrepareContext - Invalid bind id<0>. Context info<Game>.
Script::PrepareContext - Invalid bind id<0>. Context info<Game>.
Script::PrepareContext - Invalid bind id<0>. Context info<Game>.
Script::PrepareContext - Invalid bind id<0>. Context info<Game>.
Script::PrepareContext - Invalid bind id<0>. Context info<Game>.
Script::PrepareContext - Invalid bind id<0>. Context info<Game>.
Script::PrepareContext - Invalid bind id<0>. Context info<Game>.
Script::PrepareContext - Invalid bind id<0>. Context info<Game>.
Script::PrepareContext - Invalid bind id<0>. Context info<Game>.
Script::PrepareContext - Invalid bind id<0>. Context info<Game>.
Script::PrepareContext - Invalid bind id<0>. Context info<Game>.
Script::PrepareContext - Invalid bind id<0>. Context info<Game>.
Script::PrepareContext - Invalid bind id<0>. Context info<Game>.
Script::PrepareContext - Invalid bind id<0>. Context info<Game>.
Script::PrepareContext - Invalid bind id<0>. Context info<Game>.
Script::PrepareContext - Invalid bind id<0>. Context info<Game>.
Script::PrepareContext - Invalid bind id<0>. Context info<Game>.
Script::PrepareContext - Invalid bind id<0>. Context info<Game>.
Script::PrepareContext - Invalid bind id<0>. Context info<Game>.
Script::PrepareContext - Invalid bind id<0>. Context info<Game>.
Script::PrepareContext - Invalid bind id<0>. Context info<Game>.
Script::PrepareContext - Invalid bind id<0>. Context info<Game>.
Script::PrepareContext - Invalid bind id<0>. Context info<Game>.
Script::PrepareContext - Invalid bind id<0>. Context info<Game>.
Script::PrepareContext - Invalid bind id<0>. Context info<Game>.
Script::PrepareContext - Invalid bind id<0>. Context info<Game>.
Script::PrepareContext - Invalid bind id<0>. Context info<Game>.
Script::PrepareContext - Invalid bind id<0>. Context info<Game>.
Script::PrepareContext - Invalid bind id<0>. Context info<Game>.
Script::PrepareContext - Invalid bind id<0>. Context info<Game>.
Script::PrepareContext - Invalid bind id<0>. Context info<Game>.
Script::PrepareContext - Invalid bind id<0>. Context info<Game>.
Script::PrepareContext - Invalid bind id<0>. Context info<Game>.
Script::PrepareContext - Invalid bind id<0>. Context info<Game>.
Script::PrepareContext - Invalid bind id<0>. Context info<Game>.
Script::PrepareContext - Invalid bind id<0>. Context info<Game>.
Script::PrepareContext - Invalid bind id<0>. Context info<Game>.
Script::PrepareContext - Invalid bind id<0>. Context info<Game>.
Script::PrepareContext - Invalid bind id<0>. Context info<Game>.
Script::PrepareContext - Invalid bind id<0>. Context info<Game>.
Script::PrepareContext - Invalid bind id<0>. Context info<Game>.
Script::PrepareContext - Invalid bind id<0>. Context info<Game>.
Script::PrepareContext - Invalid bind id<0>. Context info<Game>.
Script::PrepareContext - Invalid bind id<0>. Context info<Game>.
Script::PrepareContext - Invalid bind id<0>. Context info<Game>.
Script::PrepareContext - Invalid bind id<0>. Context info<Game>.
Script::PrepareContext - Invalid bind id<0>. Context info<Game>.
Script::PrepareContext - Invalid bind id<0>. Context info<Game>.
Script::PrepareContext - Invalid bind id<0>. Context info<Game>.
Script::PrepareContext - Invalid bind id<0>. Context info<Game>.
Script::PrepareContext - Invalid bind id<0>. Context info<Game>.
Script::PrepareContext - Invalid bind id<0>. Context info<Game>.
Script::PrepareContext - Invalid bind id<0>. Context info<Game>.
Script::PrepareContext - Invalid bind id<0>. Context info<Game>.
Script::PrepareContext - Invalid bind id<0>. Context info<Game>.
Script::PrepareContext - Invalid bind id<0>. Context info<Game>.
Script::PrepareContext - Invalid bind id<0>. Context info<Game>.
Script::PrepareContext - Invalid bind id<0>. Context info<Game>.
Script::PrepareContext - Invalid bind id<0>. Context info<Game>.
Script::PrepareContext - Invalid bind id<0>. Context info<Game>.
Script::PrepareContext - Invalid bind id<0>. Context info<Game>.
Script::PrepareContext - Invalid bind id<0>. Context info<Game>.
Script::PrepareContext - Invalid bind id<0>. Context info<Game>.
Script::PrepareContext - Invalid bind id<0>. Context info<Game>.
Script::PrepareContext - Invalid bind id<0>. Context info<Game>.
Script::PrepareContext - Invalid bind id<0>. Context info<Game>.
Script::PrepareContext - Invalid bind id<0>. Context info<Game>.
Script::PrepareContext - Invalid bind id<0>. Context info<Game>.
Script::PrepareContext - Invalid bind id<0>. Context info<Game>.
Script::PrepareContext - Invalid bind id<0>. Context info<Game>.
Script::PrepareContext - Invalid bind id<0>. Context info<Game>.
Script::PrepareContext - Invalid bind id<0>. Context info<Game>.
Script::PrepareContext - Invalid bind id<0>. Context info<Game>.
Script::PrepareContext - Invalid bind id<0>. Context info<Game>.
Script::PrepareContext - Invalid bind id<0>. Context info<Game>.
Script::PrepareContext - Invalid bind id<0>. Context info<Game>.
Script::PrepareContext - Invalid bind id<0>. Context info<Game>.
Script::PrepareContext - Invalid bind id<0>. Context info<Game>.
Script::PrepareContext - Invalid bind id<0>. Context info<Game>.
Script::PrepareContext - Invalid bind id<0>. Context info<Game>.
Script::PrepareContext - Invalid bind id<0>. Context info<Game>.
Script::PrepareContext - Invalid bind id<0>. Context info<Game>.
Script::PrepareContext - Invalid bind id<0>. Context info<Game>.
Script::PrepareContext - Invalid bind id<0>. Context info<Game>.
Script::PrepareContext - Invalid bind id<0>. Context info<Game>.
Script::PrepareContext - Invalid bind id<0>. Context info<Game>.
Script::PrepareContext - Invalid bind id<0>. Context info<Game>.
Script::PrepareContext - Invalid bind id<0>. Context info<Game>.
Script::PrepareContext - Invalid bind id<0>. Context info<Game>.
Script::PrepareContext - Invalid bind id<0>. Context info<Game>.
Script::PrepareContext - Invalid bind id<0>. Context info<Game>.
Script::PrepareContext - Invalid bind id<0>. Context info<Game>.
Script::PrepareContext - Invalid bind id<0>. Context info<Game>.
Script::PrepareContext - Invalid bind id<0>. Context info<Game>.
Script::PrepareContext - Invalid bind id<0>. Context info<Game>.
Script::PrepareContext - Invalid bind id<0>. Context info<Game>.
Script::PrepareContext - Invalid bind id<0>. Context info<Game>.
Script::PrepareContext - Invalid bind id<0>. Context info<Game>.
Script::PrepareContext - Invalid bind id<0>. Context info<Game>.
Script::PrepareContext - Invalid bind id<0>. Context info<Game>.
Script::PrepareContext - Invalid bind id<0>. Context info<Game>.
Script::PrepareContext - Invalid bind id<0>. Context info<Game>.
Script::PrepareContext - Invalid bind id<0>. Context info<Game>.
Script::PrepareContext - Invalid bind id<0>. Context info<Game>.
Script::PrepareContext - Invalid bind id<0>. Context info<Game>.
Script::PrepareContext - Invalid bind id<0>. Context info<Game>.
Script::PrepareContext - Invalid bind id<0>. Context info<Game>.
Script::PrepareContext - Invalid bind id<0>. Context info<Game>.
Script::PrepareContext - Invalid bind id<0>. Context info<Game>.
Script::PrepareContext - Invalid bind id<0>. Context info<Game>.
Script::PrepareContext - Invalid bind id<0>. Context info<Game>.
Script::PrepareContext - Invalid bind id<0>. Context info<Game>.
Script::PrepareContext - Invalid bind id<0>. Context info<Game>.
Script::PrepareContext - Invalid bind id<0>. Context info<Game>.
Script::PrepareContext - Invalid bind id<0>. Context info<Game>.
Script::PrepareContext - Invalid bind id<0>. Context info<Game>.
Script::PrepareContext - Invalid bind id<0>. Context info<Game>.
Script::PrepareContext - Invalid bind id<0>. Context info<Game>.
Script::PrepareContext - Invalid bind id<0>. Context info<Game>.
Script::PrepareContext - Invalid bind id<0>. Context info<Game>.
Script::PrepareContext - Invalid bind id<0>. Context info<Game>.
Script::PrepareContext - Invalid bind id<0>. Context info<Game>.
Script::PrepareContext - Invalid bind id<0>. Context info<Game>.
Script::PrepareContext - Invalid bind id<0>. Context info<Game>.
Script::PrepareContext - Invalid bind id<0>. Context info<Game>.
Script::PrepareContext - Invalid bind id<0>. Context info<Game>.
Script::PrepareContext - Invalid bind id<0>. Context info<Game>.
Script::PrepareContext - Invalid bind id<0>. Context info<Game>.
Script::PrepareContext - Invalid bind id<0>. Context info<Game>.
Script::PrepareContext - Invalid bind id<0>. Context info<Game>.
Script::PrepareContext - Invalid bind id<0>. Context info<Game>.
Script::PrepareContext - Invalid bind id<0>. Context info<Game>.
Script::PrepareContext - Invalid bind id<0>. Context info<Game>.
Script::PrepareContext - Invalid bind id<0>. Context info<Game>.
Script::PrepareContext - Invalid bind id<0>. Context info<Game>.
Script::PrepareContext - Invalid bind id<0>. Context info<Game>.
Script::PrepareContext - Invalid bind id<0>. Context info<Game>.
Script::PrepareContext - Invalid bind id<0>. Context info<Game>.
Script::PrepareContext - Invalid bind id<0>. Context info<Game>.
Script::PrepareContext - Invalid bind id<0>. Context info<Game>.
Script::PrepareContext - Invalid bind id<0>. Context info<Game>.
Script::PrepareContext - Invalid bind id<0>. Context info<Game>.
Script::PrepareContext - Invalid bind id<0>. Context info<Game>.
Script::PrepareContext - Invalid bind id<0>. Context info<Game>.
Script::PrepareContext - Invalid bind id<0>. Context info<Game>.
Script::PrepareContext - Invalid bind id<0>. Context info<Game>.
Script::PrepareContext - Invalid bind id<0>. Context info<Game>.
Script::PrepareContext - Invalid bind id<0>. Context info<Game>.
Script::PrepareContext - Invalid bind id<0>. Context info<Game>.
Script::PrepareContext - Invalid bind id<0>. Context info<Game>.
Script::PrepareContext - Invalid bind id<0>. Context info<Game>.
Script::PrepareContext - Invalid bind id<0>. Context info<Game>.
Script::PrepareContext - Invalid bind id<0>. Context info<Game>.
Script::PrepareContext - Invalid bind id<0>. Context info<Game>.
Script::PrepareContext - Invalid bind id<0>. Context info<Game>.
Script::PrepareContext - Invalid bind id<0>. Context info<Game>.
Script::PrepareContext - Invalid bind id<0>. Context info<Game>.
Script::PrepareContext - Invalid bind id<0>. Context info<Game>.
Script::PrepareContext - Invalid bind id<0>. Context info<Game>.
Script::PrepareContext - Invalid bind id<0>. Context info<Game>.
Script::PrepareContext - Invalid bind id<0>. Context info<Game>.
Script::PrepareContext - Invalid bind id<0>. Context info<Game>.
Script::PrepareContext - Invalid bind id<0>. Context info<Game>.
Script::PrepareContext - Invalid bind id<0>. Context info<Game>.
Script::PrepareContext - Invalid bind id<0>. Context info<Game>.
Script::PrepareContext - Invalid bind id<0>. Context info<Game>.
Script::PrepareContext - Invalid bind id<0>. Context info<Game>.
Script::PrepareContext - Invalid bind id<0>. Context info<Game>.
Script::PrepareContext - Invalid bind id<0>. Context info<Game>.
Script::PrepareContext - Invalid bind id<0>. Context info<Game>.
Script::PrepareContext - Invalid bind id<0>. Context info<Game>.
Script::PrepareContext - Invalid bind id<0>. Context info<Game>.
Script::PrepareContext - Invalid bind id<0>. Context info<Game>.
Script::PrepareContext - Invalid bind id<0>. Context info<Game>.
Script::PrepareContext - Invalid bind id<0>. Context info<Game>.
Script::PrepareContext - Invalid bind id<0>. Context info<Game>.
Script::PrepareContext - Invalid bind id<0>. Context info<Game>.
Script::PrepareContext - Invalid bind id<0>. Context info<Game>.
Script::PrepareContext - Invalid bind id<0>. Context info<Game>.
Script::PrepareContext - Invalid bind id<0>. Context info<Game>.
Script::PrepareContext - Invalid bind id<0>. Context info<Game>.
Script::PrepareContext - Invalid bind id<0>. Context info<Game>.
Script::PrepareContext - Invalid bind id<0>. Context info<Game>.
Script::PrepareContext - Invalid bind id<0>. Context info<Game>.
Script::PrepareContext - Invalid bind id<0>. Context info<Game>.
Script::PrepareContext - Invalid bind id<0>. Context info<Game>.
Script::PrepareContext - Invalid bind id<0>. Context info<Game>.
Script::PrepareContext - Invalid bind id<0>. Context info<Game>.
Script::PrepareContext - Invalid bind id<0>. Context info<Game>.
Script::PrepareContext - Invalid bind id<0>. Context info<Game>.
Script::PrepareContext - Invalid bind id<0>. Context info<Game>.
Script::PrepareContext - Invalid bind id<0>. Context info<Game>.
Script::PrepareContext - Invalid bind id<0>. Context info<Game>.
Script::PrepareContext - Invalid bind id<0>. Context info<Game>.
Script::PrepareContext - Invalid bind id<0>. Context info<Game>.
Script::PrepareContext - Invalid bind id<0>. Context info<Game>.
Script::PrepareContext - Invalid bind id<0>. Context info<Game>.
Script::PrepareContext - Invalid bind id<0>. Context info<Game>.
Script::PrepareContext - Invalid bind id<0>. Context info<Game>.
Script::PrepareContext - Invalid bind id<0>. Context info<Game>.
Script::PrepareContext - Invalid bind id<0>. Context info<Game>.
Script::PrepareContext - Invalid bind id<0>. Context info<Game>.
Script::PrepareContext - Invalid bind id<0>. Context info<Game>.
Script::PrepareContext - Invalid bind id<0>. Context info<Game>.
Script::PrepareContext - Invalid bind id<0>. Context info<Game>.
Script::PrepareContext - Invalid bind id<0>. Context info<Game>.
Script::PrepareContext - Invalid bind id<0>. Context info<Game>.
Script::PrepareContext - Invalid bind id<0>. Context info<Game>.
Script::PrepareContext - Invalid bind id<0>. Context info<Game>.
Script::PrepareContext - Invalid bind id<0>. Context info<Game>.
Script::PrepareContext - Invalid bind id<0>. Context info<Game>.
Script::PrepareContext - Invalid bind id<0>. Context info<Game>.
Script::PrepareContext - Invalid bind id<0>. Context info<Game>.
Script::PrepareContext - Invalid bind id<0>. Context info<Game>.
Script::PrepareContext - Invalid bind id<0>. Context info<Game>.
Script::PrepareContext - Invalid bind id<0>. Context info<Game>.
Script::PrepareContext - Invalid bind id<0>. Context info<Game>.
Script::PrepareContext - Invalid bind id<0>. Context info<Game>.
Script::PrepareContext - Invalid bind id<0>. Context info<Game>.
Script::PrepareContext - Invalid bind id<0>. Context info<Game>.
Script::PrepareContext - Invalid bind id<0>. Context info<Game>.
Script::PrepareContext - Invalid bind id<0>. Context info<Game>.
Script::PrepareContext - Invalid bind id<0>. Context info<Game>.
Script::PrepareContext - Invalid bind id<0>. Context info<Game>.
Script::PrepareContext - Invalid bind id<0>. Context info<Game>.
Script::PrepareContext - Invalid bind id<0>. Context info<Game>.
Script::PrepareContext - Invalid bind id<0>. Context info<Game>.
Script::PrepareContext - Invalid bind id<0>. Context info<Game>.
Script::PrepareContext - Invalid bind id<0>. Context info<Game>.
Script::PrepareContext - Invalid bind id<0>. Context info<Game>.
Script::PrepareContext - Invalid bind id<0>. Context info<Game>.
Script::PrepareContext - Invalid bind id<0>. Context info<Game>.
Script::PrepareContext - Invalid bind id<0>. Context info<Game>.
Script::PrepareContext - Invalid bind id<0>. Context info<Game>.
Script::PrepareContext - Invalid bind id<0>. Context info<Game>.
Script::PrepareContext - Invalid bind id<0>. Context info<Game>.
Script::PrepareContext - Invalid bind id<0>. Context info<Game>.
Script::PrepareContext - Invalid bind id<0>. Context info<Game>.
Script::PrepareContext - Invalid bind id<0>. Context info<Game>.
Script::PrepareContext - Invalid bind id<0>. Context info<Game>.
Script::PrepareContext - Invalid bind id<0>. Context info<Game>.
Script::PrepareContext - Invalid bind id<0>. Context info<Game>.
Script::PrepareContext - Invalid bind id<0>. Context info<Game>.
Script::PrepareContext - Invalid bind id<0>. Context info<Game>.
Script::PrepareContext - Invalid bind id<0>. Context info<Game>.
Script::PrepareContext - Invalid bind id<0>. Context info<Game>.
Script::PrepareContext - Invalid bind id<0>. Context info<Game>.
Script::PrepareContext - Invalid bind id<0>. Context info<Game>.
Script::PrepareContext - Invalid bind id<0>. Context info<Game>.
Script::PrepareContext - Invalid bind id<0>. Context info<Game>.
Script::PrepareContext - Invalid bind id<0>. Context info<Game>.
Script::PrepareContext - Invalid bind id<0>. Context info<Game>.
Script::PrepareContext - Invalid bind id<0>. Context info<Game>.
Script::PrepareContext - Invalid bind id<0>. Context info<Game>.
Script::PrepareContext - Invalid bind id<0>. Context info<Game>.
Script::PrepareContext - Invalid bind id<0>. Context info<Game>.
Script::PrepareContext - Invalid bind id<0>. Context info<Game>.
Script::PrepareContext - Invalid bind id<0>. Context info<Game>.
Script::PrepareContext - Invalid bind id<0>. Context info<Game>.
Script::PrepareContext - Invalid bind id<0>. Context info<Game>.
Script::PrepareContext - Invalid bind id<0>. Context info<Game>.
Script::PrepareContext - Invalid bind id<0>. Context info<Game>.
Script::PrepareContext - Invalid bind id<0>. Context info<Game>.
Script::PrepareContext - Invalid bind id<0>. Context info<Game>.
Script::PrepareContext - Invalid bind id<0>. Context info<Game>.
Script::PrepareContext - Invalid bind id<0>. Context info<Game>.
Script::PrepareContext - Invalid bind id<0>. Context info<Game>.
Script::PrepareContext - Invalid bind id<0>. Context info<Game>.
Script::PrepareContext - Invalid bind id<0>. Context info<Game>.
Script::PrepareContext - Invalid bind id<0>. Context info<Game>.
Script::PrepareContext - Invalid bind id<0>. Context info<Game>.
Script::PrepareContext - Invalid bind id<0>. Context info<Game>.
Script::PrepareContext - Invalid bind id<0>. Context info<Game>.
Script::PrepareContext - Invalid bind id<0>. Context info<Game>.
Script::PrepareContext - Invalid bind id<0>. Context info<Game>.
Script::PrepareContext - Invalid bind id<0>. Context info<Game>.
Script::PrepareContext - Invalid bind id<0>. Context info<Game>.
Script::PrepareContext - Invalid bind id<0>. Context info<Game>.
Script::PrepareContext - Invalid bind id<0>. Context info<Game>.
Script::PrepareContext - Invalid bind id<0>. Context info<Game>.
Script::PrepareContext - Invalid bind id<0>. Context info<Game>.
Script::PrepareContext - Invalid bind id<0>. Context info<Game>.
Script::PrepareContext - Invalid bind id<0>. Context info<Game>.
Script::PrepareContext - Invalid bind id<0>. Context info<Game>.
Script::PrepareContext - Invalid bind id<0>. Context info<Game>.
Script::PrepareContext - Invalid bind id<0>. Context info<Game>.
Script::PrepareContext - Invalid bind id<0>. Context info<Game>.
Script::PrepareContext - Invalid bind id<0>. Context info<Game>.
Script::PrepareContext - Invalid bind id<0>. Context info<Game>.
Script::PrepareContext - Invalid bind id<0>. Context info<Game>.
Script::PrepareContext - Invalid bind id<0>. Context info<Game>.
Script::PrepareContext - Invalid bind id<0>. Context info<Game>.
Script::PrepareContext - Invalid bind id<0>. Context info<Game>.
Script::PrepareContext - Invalid bind id<0>. Context info<Game>.
Script::PrepareContext - Invalid bind id<0>. Context info<Game>.
Script::PrepareContext - Invalid bind id<0>. Context info<Game>.
Script::PrepareContext - Invalid bind id<0>. Context info<Game>.
Script::PrepareContext - Invalid bind id<0>. Context info<Game>.
Script::PrepareContext - Invalid bind id<0>. Context info<Game>.
Script::PrepareContext - Invalid bind id<0>. Context info<Game>.
Script::PrepareContext - Invalid bind id<0>. Context info<Game>.
Script::PrepareContext - Invalid bind id<0>. Context info<Game>.
Script::PrepareContext - Invalid bind id<0>. Context info<Game>.
Script::PrepareContext - Invalid bind id<0>. Context info<Game>.
Script::PrepareContext - Invalid bind id<0>. Context info<Game>.
Script::PrepareContext - Invalid bind id<0>. Context info<Game>.
Script::PrepareContext - Invalid bind id<0>. Context info<Game>.
Script::PrepareContext - Invalid bind id<0>. Context info<Game>.
Script::PrepareContext - Invalid bind id<0>. Context info<Game>.
Script::PrepareContext - Invalid bind id<0>. Context info<Game>.
Script::PrepareContext - Invalid bind id<0>. Context info<Game>.
Script::PrepareContext - Invalid bind id<0>. Context info<Game>.
Script::PrepareContext - Invalid bind id<0>. Context info<Game>.
Script::PrepareContext - Invalid bind id<0>. Context info<Game>.
Script::PrepareContext - Invalid bind id<0>. Context info<Game>.
Script::PrepareContext - Invalid bind id<0>. Context info<Game>.
Script::PrepareContext - Invalid bind id<0>. Context info<Game>.
Script::PrepareContext - Invalid bind id<0>. Context info<Game>.
Script::PrepareContext - Invalid bind id<0>. Context info<Game>.
Script::PrepareContext - Invalid bind id<0>. Context info<Game>.
Script::PrepareContext - Invalid bind id<0>. Context info<Game>.
Script::PrepareContext - Invalid bind id<0>. Context info<Game>.
Script::PrepareContext - Invalid bind id<0>. Context info<Game>.
Script::PrepareContext - Invalid bind id<0>. Context info<Game>.
Script::PrepareContext - Invalid bind id<0>. Context info<Game>.
Script::PrepareContext - Invalid bind id<0>. Context info<Game>.
Script::PrepareContext - Invalid bind id<0>. Context info<Game>.
Script::PrepareContext - Invalid bind id<0>. Context info<Game>.
Script::PrepareContext - Invalid bind id<0>. Context info<Game>.
Script::PrepareContext - Invalid bind id<0>. Context info<Game>.
Script::PrepareContext - Invalid bind id<0>. Context info<Game>.
Script::PrepareContext - Invalid bind id<0>. Context info<Game>.
Script::PrepareContext - Invalid bind id<0>. Context info<Game>.
Script::PrepareContext - Invalid bind id<0>. Context info<Game>.
Script::PrepareContext - Invalid bind id<0>. Context info<Game>.
Script::PrepareContext - Invalid bind id<0>. Context info<Game>.
Script::PrepareContext - Invalid bind id<0>. Context info<Game>.
Script::PrepareContext - Invalid bind id<0>. Context info<Game>.
Script::PrepareContext - Invalid bind id<0>. Context info<Game>.
Script::PrepareContext - Invalid bind id<0>. Context info<Game>.
Script::PrepareContext - Invalid bind id<0>. Context info<Game>.
Script::PrepareContext - Invalid bind id<0>. Context info<Game>.
Script::PrepareContext - Invalid bind id<0>. Context info<Game>.
Script::PrepareContext - Invalid bind id<0>. Context info<Game>.
Script::PrepareContext - Invalid bind id<0>. Context info<Game>.
Script::PrepareContext - Invalid bind id<0>. Context info<Game>.
Script::PrepareContext - Invalid bind id<0>. Context info<Game>.
Script::PrepareContext - Invalid bind id<0>. Context info<Game>.
Script::PrepareContext - Invalid bind id<0>. Context info<Game>.
Script::PrepareContext - Invalid bind id<0>. Context info<Game>.
Script::PrepareContext - Invalid bind id<0>. Context info<Game>.
Script::PrepareContext - Invalid bind id<0>. Context info<Game>.
Script::PrepareContext - Invalid bind id<0>. Context info<Game>.
Script::PrepareContext - Invalid bind id<0>. Context info<Game>.
Script::PrepareContext - Invalid bind id<0>. Context info<Game>.
Script::PrepareContext - Invalid bind id<0>. Context info<Game>.
Script::PrepareContext - Invalid bind id<0>. Context info<Game>.
Script::PrepareContext - Invalid bind id<0>. Context info<Game>.
Script::PrepareContext - Invalid bind id<0>. Context info<Game>.
Script::PrepareContext - Invalid bind id<0>. Context info<Game>.
Script::PrepareContext - Invalid bind id<0>. Context info<Game>.
Script::PrepareContext - Invalid bind id<0>. Context info<Game>.
Script::PrepareContext - Invalid bind id<0>. Context info<Game>.
Script::PrepareContext - Invalid bind id<0>. Context info<Game>.
Script::PrepareContext - Invalid bind id<0>. Context info<Game>.
Script::PrepareContext - Invalid bind id<0>. Context info<Game>.
Script::PrepareContext - Invalid bind id<0>. Context info<Game>.
Script::PrepareContext - Invalid bind id<0>. Context info<Game>.
Script::PrepareContext - Invalid bind id<0>. Context info<Game>.
Script::PrepareContext - Invalid bind id<0>. Context info<Game>.
Script::PrepareContext - Invalid bind id<0>. Context info<Game>.
Script::PrepareContext - Invalid bind id<0>. Context info<Game>.
Script::PrepareContext - Invalid bind id<0>. Context info<Game>.
Script::PrepareContext - Invalid bind id<0>. Context info<Game>.
Script::PrepareContext - Invalid bind id<0>. Context info<Game>.
Script::PrepareContext - Invalid bind id<0>. Context info<Game>.
Script::PrepareContext - Invalid bind id<0>. Context info<Game>.
Script::PrepareContext - Invalid bind id<0>. Context info<Game>.
Script::PrepareContext - Invalid bind id<0>. Context info<Game>.
Script::PrepareContext - Invalid bind id<0>. Context info<Game>.
Script::PrepareContext - Invalid bind id<0>. Context info<Game>.
Script::PrepareContext - Invalid bind id<0>. Context info<Game>.
Script::PrepareContext - Invalid bind id<0>. Context info<Game>.
Script::PrepareContext - Invalid bind id<0>. Context info<Game>.
Script::PrepareContext - Invalid bind id<0>. Context info<Game>.
Script::PrepareContext - Invalid bind id<0>. Context info<Game>.
Script::PrepareContext - Invalid bind id<0>. Context info<Game>.
Script::PrepareContext - Invalid bind id<0>. Context info<Game>.
Script::PrepareContext - Invalid bind id<0>. Context info<Game>.
Script::PrepareContext - Invalid bind id<0>. Context info<Game>.
Script::PrepareContext - Invalid bind id<0>. Context info<Game>.
Script::PrepareContext - Invalid bind id<0>. Context info<Game>.
Script::PrepareContext - Invalid bind id<0>. Context info<Game>.
Script::PrepareContext - Invalid bind id<0>. Context info<Game>.
Script::PrepareContext - Invalid bind id<0>. Context info<Game>.
Script::PrepareContext - Invalid bind id<0>. Context info<Game>.
Script::PrepareContext - Invalid bind id<0>. Context info<Game>.
Script::PrepareContext - Invalid bind id<0>. Context info<Game>.
Script::PrepareContext - Invalid bind id<0>. Context info<Game>.
Script::PrepareContext - Invalid bind id<0>. Context info<Game>.
Script::PrepareContext - Invalid bind id<0>. Context info<Game>.
Script::PrepareContext - Invalid bind id<0>. Context info<Game>.
Script::PrepareContext - Invalid bind id<0>. Context info<Game>.
Script::PrepareContext - Invalid bind id<0>. Context info<Game>.
Script::PrepareContext - Invalid bind id<0>. Context info<Game>.
Script::PrepareContext - Invalid bind id<0>. Context info<Game>.
Script::PrepareContext - Invalid bind id<0>. Context info<Game>.
Script::PrepareContext - Invalid bind id<0>. Context info<Game>.
Script::PrepareContext - Invalid bind id<0>. Context info<Game>.
Script::PrepareContext - Invalid bind id<0>. Context info<Game>.
Script::PrepareContext - Invalid bind id<0>. Context info<Game>.
Script::PrepareContext - Invalid bind id<0>. Context info<Game>.
Script::PrepareContext - Invalid bind id<0>. Context info<Game>.
Script::PrepareContext - Invalid bind id<0>. Context info<Game>.
Script::PrepareContext - Invalid bind id<0>. Context info<Game>.
Script::PrepareContext - Invalid bind id<0>. Context info<Game>.
Script::PrepareContext - Invalid bind id<0>. Context info<Game>.
Script::PrepareContext - Invalid bind id<0>. Context info<Game>.
Script::PrepareContext - Invalid bind id<0>. Context info<Game>.
Script::PrepareContext - Invalid bind id<0>. Context info<Game>.
Script::PrepareContext - Invalid bind id<0>. Context info<Game>.
Script::PrepareContext - Invalid bind id<0>. Context info<Game>.
Script::PrepareContext - Invalid bind id<0>. Context info<Game>.
Script::PrepareContext - Invalid bind id<0>. Context info<Game>.
Script::PrepareContext - Invalid bind id<0>. Context info<Game>.
Script::PrepareContext - Invalid bind id<0>. Context info<Game>.
Script::PrepareContext - Invalid bind id<0>. Context info<Game>.
Script::PrepareContext - Invalid bind id<0>. Context info<Game>.
Script::PrepareContext - Invalid bind id<0>. Context info<Game>.
Script::PrepareContext - Invalid bind id<0>. Context info<Game>.
Script::PrepareContext - Invalid bind id<0>. Context info<Game>.
Script::PrepareContext - Invalid bind id<0>. Context info<Game>.
Script::PrepareContext - Invalid bind id<0>. Context info<Game>.
Script::PrepareContext - Invalid bind id<0>. Context info<Game>.
Script::PrepareContext - Invalid bind id<0>. Context info<Game>.
Script::PrepareContext - Invalid bind id<0>. Context info<Game>.
Script::PrepareContext - Invalid bind id<0>. Context info<Game>.
Script::PrepareContext - Invalid bind id<0>. Context info<Game>.
Script::PrepareContext - Invalid bind id<0>. Context info<Game>.
Script::PrepareContext - Invalid bind id<0>. Context info<Game>.
Script::PrepareContext - Invalid bind id<0>. Context info<Game>.
Script::PrepareContext - Invalid bind id<0>. Context info<Game>.
Script::PrepareContext - Invalid bind id<0>. Context info<Game>.
Script::PrepareContext - Invalid bind id<0>. Context info<Game>.
Script::PrepareContext - Invalid bind id<0>. Context info<Game>.
Script::PrepareContext - Invalid bind id<0>. Context info<Game>.
Script::PrepareContext - Invalid bind id<0>. Context info<Game>.
Script::PrepareContext - Invalid bind id<0>. Context info<Game>.
Script::PrepareContext - Invalid bind id<0>. Context info<Game>.
Script::PrepareContext - Invalid bind id<0>. Context info<Game>.
Script::PrepareContext - Invalid bind id<0>. Context info<Game>.
Script::PrepareContext - Invalid bind id<0>. Context info<Game>.
Script::PrepareContext - Invalid bind id<0>. Context info<Game>.
Script::PrepareContext - Invalid bind id<0>. Context info<Game>.
Script::PrepareContext - Invalid bind id<0>. Context info<Game>.
Script::PrepareContext - Invalid bind id<0>. Context info<Game>.
Script::PrepareContext - Invalid bind id<0>. Context info<Game>.
Script::PrepareContext - Invalid bind id<0>. Context info<Game>.
Script::PrepareContext - Invalid bind id<0>. Context info<Game>.
Script::PrepareContext - Invalid bind id<0>. Context info<Game>.
Script::PrepareContext - Invalid bind id<0>. Context info<Game>.
Script::PrepareContext - Invalid bind id<0>. Context info<Game>.
Script::PrepareContext - Invalid bind id<0>. Context info<Game>.
Script::PrepareContext - Invalid bind id<0>. Context info<Game>.
Script::PrepareContext - Invalid bind id<0>. Context info<Game>.
Script::PrepareContext - Invalid bind id<0>. Context info<Game>.
Script::PrepareContext - Invalid bind id<0>. Context info<Game>.
Script::PrepareContext - Invalid bind id<0>. Context info<Game>.
Script::PrepareContext - Invalid bind id<0>. Context info<Game>.
Script::PrepareContext - Invalid bind id<0>. Context info<Game>.
Script::PrepareContext - Invalid bind id<0>. Context info<Game>.
Script::PrepareContext - Invalid bind id<0>. Context info<Game>.
Script::PrepareContext - Invalid bind id<0>. Context info<Game>.
Script::PrepareContext - Invalid bind id<0>. Context info<Game>.
Script::PrepareContext - Invalid bind id<0>. Context info<Game>.
Script::PrepareContext - Invalid bind id<0>. Context info<Game>.
Script::PrepareContext - Invalid bind id<0>. Context info<Game>.
Script::PrepareContext - Invalid bind id<0>. Context info<Game>.
Script::PrepareContext - Invalid bind id<0>. Context info<Game>.
Script::PrepareContext - Invalid bind id<0>. Context info<Game>.
Script::PrepareContext - Invalid bind id<0>. Context info<Game>.
Script::PrepareContext - Invalid bind id<0>. Context info<Game>.
Script::PrepareContext - Invalid bind id<0>. Context info<Game>.
Script::PrepareContext - Invalid bind id<0>. Context info<Game>.
Script::PrepareContext - Invalid bind id<0>. Context info<Game>.
Script::PrepareContext - Invalid bind id<0>. Context info<Game>.
Script::PrepareContext - Invalid bind id<0>. Context info<Game>.
Script::PrepareContext - Invalid bind id<0>. Context info<Game>.
Script::PrepareContext - Invalid bind id<0>. Context info<Game>.
Script::PrepareContext - Invalid bind id<0>. Context info<Game>.
Script::PrepareContext - Invalid bind id<0>. Context info<Game>.
Script::PrepareContext - Invalid bind id<0>. Context info<Game>.
Script::PrepareContext - Invalid bind id<0>. Context info<Game>.
Script::PrepareContext - Invalid bind id<0>. Context info<Game>.
Script::PrepareContext - Invalid bind id<0>. Context info<Game>.
Script::PrepareContext - Invalid bind id<0>. Context info<Game>.
Script::PrepareContext - Invalid bind id<0>. Context info<Game>.
Script::PrepareContext - Invalid bind id<0>. Context info<Game>.
Script::PrepareContext - Invalid bind id<0>. Context info<Game>.
Script::PrepareContext - Invalid bind id<0>. Context info<Game>.
Script::PrepareContext - Invalid bind id<0>. Context info<Game>.
Script::PrepareContext - Invalid bind id<0>. Context info<Game>.
Script::PrepareContext - Invalid bind id<0>. Context info<Game>.
Script::PrepareContext - Invalid bind id<0>. Context info<Game>.
Script::PrepareContext - Invalid bind id<0>. Context info<Game>.
Script::PrepareContext - Invalid bind id<0>. Context info<Game>.
Script::PrepareContext - Invalid bind id<0>. Context info<Game>.
Script::PrepareContext - Invalid bind id<0>. Context info<Game>.
Script::PrepareContext - Invalid bind id<0>. Context info<Game>.
Script::PrepareContext - Invalid bind id<0>. Context info<Game>.
Script::PrepareContext - Invalid bind id<0>. Context info<Game>.
Script::PrepareContext - Invalid bind id<0>. Context info<Game>.
Script::PrepareContext - Invalid bind id<0>. Context info<Game>.
Script::PrepareContext - Invalid bind id<0>. Context info<Game>.
Script::PrepareContext - Invalid bind id<0>. Context info<Game>.
Script::PrepareContext - Invalid bind id<0>. Context info<Game>.
Script::PrepareContext - Invalid bind id<0>. Context info<Game>.
Script::PrepareContext - Invalid bind id<0>. Context info<Game>.
Script::PrepareContext - Invalid bind id<0>. Context info<Game>.
Script::PrepareContext - Invalid bind id<0>. Context info<Game>.
Script::PrepareContext - Invalid bind id<0>. Context info<Game>.
Script::PrepareContext - Invalid bind id<0>. Context info<Game>.
Script::PrepareContext - Invalid bind id<0>. Context info<Game>.
Script::PrepareContext - Invalid bind id<0>. Context info<Game>.
Script::PrepareContext - Invalid bind id<0>. Context info<Game>.
Script::PrepareContext - Invalid bind id<0>. Context info<Game>.
Script::PrepareContext - Invalid bind id<0>. Context info<Game>.
Script::PrepareContext - Invalid bind id<0>. Context info<Game>.
Script::PrepareContext - Invalid bind id<0>. Context info<Game>.
Script::PrepareContext - Invalid bind id<0>. Context info<Game>.
Script::PrepareContext - Invalid bind id<0>. Context info<Game>.
Script::PrepareContext - Invalid bind id<0>. Context info<Game>.
Script::PrepareContext - Invalid bind id<0>. Context info<Game>.
Script::PrepareContext - Invalid bind id<0>. Context info<Game>.
Script::PrepareContext - Invalid bind id<0>. Context info<Game>.
Script::PrepareContext - Invalid bind id<0>. Context info<Game>.
Script::PrepareContext - Invalid bind id<0>. Context info<Game>.
Script::PrepareContext - Invalid bind id<0>. Context info<Game>.
Script::PrepareContext - Invalid bind id<0>. Context info<Game>.
Script::PrepareContext - Invalid bind id<0>. Context info<Game>.
Script::PrepareContext - Invalid bind id<0>. Context info<Game>.
Script::PrepareContext - Invalid bind id<0>. Context info<Game>.
Script::PrepareContext - Invalid bind id<0>. Context info<Game>.
Script::PrepareContext - Invalid bind id<0>. Context info<Game>.
Script::PrepareContext - Invalid bind id<0>. Context info<Game>.
Script::PrepareContext - Invalid bind id<0>. Context info<Game>.
Script::PrepareContext - Invalid bind id<0>. Context info<Game>.
Script::PrepareContext - Invalid bind id<0>. Context info<Game>.
Script::PrepareContext - Invalid bind id<0>. Context info<Game>.
Script::PrepareContext - Invalid bind id<0>. Context info<Game>.
Script::PrepareContext - Invalid bind id<0>. Context info<Game>.
Script::PrepareContext - Invalid bind id<0>. Context info<Game>.
Script::PrepareContext - Invalid bind id<0>. Context info<Game>.
Script::PrepareContext - Invalid bind id<0>. Context info<Game>.
Script::PrepareContext - Invalid bind id<0>. Context info<Game>.
Script::PrepareContext - Invalid bind id<0>. Context info<Game>.
Script::PrepareContext - Invalid bind id<0>. Context info<Game>.
Script::PrepareContext - Invalid bind id<0>. Context info<Game>.
Script::PrepareContext - Invalid bind id<0>. Context info<Game>.
Script::PrepareContext - Invalid bind id<0>. Context info<Game>.
Script::PrepareContext - Invalid bind id<0>. Context info<Game>.
Script::PrepareContext - Invalid bind id<0>. Context info<Game>.
Script::PrepareContext - Invalid bind id<0>. Context info<Game>.
Script::PrepareContext - Invalid bind id<0>. Context info<Game>.
Script::PrepareContext - Invalid bind id<0>. Context info<Game>.
Script::PrepareContext - Invalid bind id<0>. Context info<Game>.
Script::PrepareContext - Invalid bind id<0>. Context info<Game>.
Script::PrepareContext - Invalid bind id<0>. Context info<Game>.
Script::PrepareContext - Invalid bind id<0>. Context info<Game>.
Script::PrepareContext - Invalid bind id<0>. Context info<Game>.
Script::PrepareContext - Invalid bind id<0>. Context info<Game>.
Script::PrepareContext - Invalid bind id<0>. Context info<Game>.
Script::PrepareContext - Invalid bind id<0>. Context info<Game>.
Script::PrepareContext - Invalid bind id<0>. Context info<Game>.
Script::PrepareContext - Invalid bind id<0>. Context info<Game>.
Script::PrepareContext - Invalid bind id<0>. Context info<Game>.
Script::PrepareContext - Invalid bind id<0>. Context info<Game>.
Script::PrepareContext - Invalid bind id<0>. Context info<Game>.
Script::PrepareContext - Invalid bind id<0>. Context info<Game>.
Script::PrepareContext - Invalid bind id<0>. Context info<Game>.
Script::PrepareContext - Invalid bind id<0>. Context info<Game>.
Script::PrepareContext - Invalid bind id<0>. Context info<Game>.
Script::PrepareContext - Invalid bind id<0>. Context info<Game>.
Script::PrepareContext - Invalid bind id<0>. Context info<Game>.
Script::PrepareContext - Invalid bind id<0>. Context info<Game>.
Script::PrepareContext - Invalid bind id<0>. Context info<Game>.
Script::PrepareContext - Invalid bind id<0>. Context info<Game>.
Script::PrepareContext - Invalid bind id<0>. Context info<Game>.
Script::PrepareContext - Invalid bind id<0>. Context info<Game>.
Script::PrepareContext - Invalid bind id<0>. Context info<Game>.
Script::PrepareContext - Invalid bind id<0>. Context info<Game>.
Script::PrepareContext - Invalid bind id<0>. Context info<Game>.
Script::PrepareContext - Invalid bind id<0>. Context info<Game>.
Script::PrepareContext - Invalid bind id<0>. Context info<Game>.
Script::PrepareContext - Invalid bind id<0>. Context info<Game>.
Script::PrepareContext - Invalid bind id<0>. Context info<Game>.
Script::PrepareContext - Invalid bind id<0>. Context info<Game>.
Script::PrepareContext - Invalid bind id<0>. Context info<Game>.
Script::PrepareContext - Invalid bind id<0>. Context info<Game>.
Script::PrepareContext - Invalid bind id<0>. Context info<Game>.
Script::PrepareContext - Invalid bind id<0>. Context info<Game>.
Script::PrepareContext - Invalid bind id<0>. Context info<Game>.
Script::PrepareContext - Invalid bind id<0>. Context info<Game>.
Script::PrepareContext - Invalid bind id<0>. Context info<Game>.
Script::PrepareContext - Invalid bind id<0>. Context info<Game>.
Script::PrepareContext - Invalid bind id<0>. Context info<Game>.
Script::PrepareContext - Invalid bind id<0>. Context info<Game>.
Script::PrepareContext - Invalid bind id<0>. Context info<Game>.
Script::PrepareContext - Invalid bind id<0>. Context info<Game>.
Script::PrepareContext - Invalid bind id<0>. Context info<Game>.
Script::PrepareContext - Invalid bind id<0>. Context info<Game>.
Script::PrepareContext - Invalid bind id<0>. Context info<Game>.
Script::PrepareContext - Invalid bind id<0>. Context info<Game>.
Script::PrepareContext - Invalid bind id<0>. Context info<Game>.
Script::PrepareContext - Invalid bind id<0>. Context info<Game>.
Script::PrepareContext - Invalid bind id<0>. Context info<Game>.
Script::PrepareContext - Invalid bind id<0>. Context info<Game>.
Script::PrepareContext - Invalid bind id<0>. Context info<Game>.
Script::PrepareContext - Invalid bind id<0>. Context info<Game>.
Script::PrepareContext - Invalid bind id<0>. Context info<Game>.
Script::PrepareContext - Invalid bind id<0>. Context info<Game>.
Script::PrepareContext - Invalid bind id<0>. Context info<Game>.
Script::PrepareContext - Invalid bind id<0>. Context info<Game>.
Script::PrepareContext - Invalid bind id<0>. Context info<Game>.
Script::PrepareContext - Invalid bind id<0>. Context info<Game>.
Script::PrepareContext - Invalid bind id<0>. Context info<Game>.
Script::PrepareContext - Invalid bind id<0>. Context info<Game>.
Script::PrepareContext - Invalid bind id<0>. Context info<Game>.
Script::PrepareContext - Invalid bind id<0>. Context info<Game>.
Script::PrepareContext - Invalid bind id<0>. Context info<Game>.
Script::PrepareContext - Invalid bind id<0>. Context info<Game>.
Script::PrepareContext - Invalid bind id<0>. Context info<Game>.
Script::PrepareContext - Invalid bind id<0>. Context info<Game>.
Mapper finish...
Resource manager finish...
Resource manager finish complete.
Hex field finish...
Hex field finish complete.
Sprite manager finish...
Sprite manager finish complete.
Critter manager finish...
Critter manager finish complete.
Mapper finish complete.
FOnline finished.
